<?xml version="1.0" encoding="UTF-8"?>
<beans>
    <bean id="userService" class="service.UserServiceTx">
        <property name="transactionManager" ref="transactionManager" />
        <property name="userService" ref="userServiceImpl" />
    </bean>
    <bean id="userServiceImpl" class="service.UserServiceImpl">
        <property name="userDao" ref="userDao" />
        <property name="mailSender" ref="mailSender" />
    </bean>


    <bean id="userDao" class="dao.UserDaoJdbc">
        <property name="dataSource" ref="dataSource"/>
    </bean>

    <bean id="transactionManager" class="org.spring.framework.jdbc.datasource.DataSourceTransactionManager">
        <property name="dataSource" ref="dataSource" />
    </bean>

    <bean id="mailSender" class="service.DummyMailSender" />

    <bean id="dataSource" class="org.springframework.jdbc.datasource.SimpleDriverDataSource">
        <property name="driverClass" value="com.mysql.jdbc.Driver" />
        <property name="url" value="jdbc:mysql://localhost:13306/testdb" />
        <property name="username" value="test" />
        <property name="password" value="1q2w3e4r" />
    </bean>
</beans>
