<?xml version="1.0" encoding="UTF-8"?>
<beans>
    <bean id="userDaoJdbc" class="dao.UserDaoJdbc">
        <property name="dataSource" ref="dataSource" />
<!--        <property name="jdbcContext" ref="jdbcContext" />-->
    </bean>

<!--    <bean id="jdbcContext" class="jdbc.JdbcContext">-->
<!--        <property name="dataSource" ref="dataSource" />-->
<!--    </bean>-->

    <bean id="dataSource" class="org.springframework.jdbc.datasource.SimpleDriverDataSource">
        <property name="driverClass" value="com.mysql.jdbc.Driver" />
        <property name="url" value="jdbc:mysql://localhost:13306/testdb" />
        <property name="username" value="test" />
        <property name="password" value="1q2w3e4r" />
    </bean>
</beans>
